\BOOKMARK [0][-]{chapter.1}{Hummingbird}{}% 1
\BOOKMARK [1][-]{section.1.1}{Motion capture system}{chapter.1}% 2
\BOOKMARK [2][-]{subsection.1.1.1}{Motion capture system on Windows system}{section.1.1}% 3
\BOOKMARK [2][-]{subsection.1.1.2}{Motion capture system on Linux system}{section.1.1}% 4
\BOOKMARK [2][-]{subsection.1.1.3}{Frequent mistakes}{section.1.1}% 5
\BOOKMARK [1][-]{section.1.2}{Computer}{chapter.1}% 6
\BOOKMARK [2][-]{subsection.1.2.1}{Computer setup}{section.1.2}% 7
\BOOKMARK [2][-]{subsection.1.2.2}{Frequent problem}{section.1.2}% 8
\BOOKMARK [1][-]{section.1.3}{Hummingbird quadrotor}{chapter.1}% 9
\BOOKMARK [2][-]{subsection.1.3.1}{Quadrotor setup}{section.1.3}% 10
\BOOKMARK [2][-]{subsection.1.3.2}{Battery}{section.1.3}% 11
\BOOKMARK [2][-]{subsection.1.3.3}{Frequent questions}{section.1.3}% 12
\BOOKMARK [1][-]{section.1.4}{Platform}{chapter.1}% 13
\BOOKMARK [2][-]{subsection.1.4.1}{Stepper motor connection}{section.1.4}% 14
\BOOKMARK [0][-]{chapter.2}{MAV}{}% 15
\BOOKMARK [1][-]{section.2.1}{Flight controller connection}{chapter.2}% 16
\BOOKMARK [1][-]{section.2.2}{Flight controller code}{chapter.2}% 17
\BOOKMARK [1][-]{section.2.3}{Optical flow code}{chapter.2}% 18
\BOOKMARK [2][-]{subsection.2.3.1}{Frequent questions}{section.2.3}% 19
\BOOKMARK [0][-]{chapter.3}{Ardrone}{}% 20
\BOOKMARK [1][-]{section.3.1}{Ardrone Wireless control}{chapter.3}% 21
\BOOKMARK [0][-]{chapter.4}{Useful tools}{}% 22
\BOOKMARK [1][-]{section.4.1}{Jabref}{chapter.4}% 23
\BOOKMARK [1][-]{section.4.2}{STM32CubeMX}{chapter.4}% 24
